d:\ds project\railway - gui\x64\debug\vc143.pdb
d:\ds project\railway - gui\x64\debug\.netframework,version=v4.7.2.assemblyattributes.obj
d:\ds project\railway - gui\x64\debug\myform.obj
d:\ds project\railway - gui\x64\debug\componentfactory.krypton.docking.dll
d:\ds project\railway - gui\x64\debug\componentfactory.krypton.navigator.dll
d:\ds project\railway - gui\x64\debug\componentfactory.krypton.ribbon.dll
d:\ds project\railway - gui\x64\debug\componentfactory.krypton.toolkit.dll
d:\ds project\railway - gui\x64\debug\componentfactory.krypton.workspace.dll
d:\ds project\railway - gui\x64\debug\componentfactory.krypton.docking.pdb
d:\ds project\railway - gui\x64\debug\componentfactory.krypton.navigator.pdb
d:\ds project\railway - gui\x64\debug\componentfactory.krypton.ribbon.pdb
d:\ds project\railway - gui\x64\debug\componentfactory.krypton.toolkit.pdb
d:\ds project\railway - gui\x64\debug\componentfactory.krypton.workspace.pdb
d:\ds project\railway - gui\x64\debug\railway - gui.tlog\metagen.write.1.tlog
d:\ds project\railway - gui\x64\debug\railwaygui.myform.resources
d:\ds project\railway - gui\x64\debug\railway - gui.pdb
d:\ds project\railway - gui\x64\debug\railway - gui.exe.metagen
d:\ds project\railway - gui\x64\debug\railway - gui.tlog\cl.command.1.tlog
d:\ds project\railway - gui\x64\debug\railway - gui.tlog\cl.read.1.tlog
d:\ds project\railway - gui\x64\debug\railway - gui.tlog\cl.write.1.tlog
d:\ds project\railway - gui\x64\debug\railway - gui.tlog\copylocal.read.1u.tlog
d:\ds project\railway - gui\x64\debug\railway - gui.tlog\copylocal.write.1u.tlog
d:\ds project\railway - gui\x64\debug\railway - gui.tlog\link.28772-mt.read.1.tlog
d:\ds project\railway - gui\x64\debug\railway - gui.tlog\link.28772.read.1.tlog
d:\ds project\railway - gui\x64\debug\railway - gui.tlog\link.28772.read.2.tlog
d:\ds project\railway - gui\x64\debug\railway - gui.tlog\link.28772.write.1.tlog
d:\ds project\railway - gui\x64\debug\railway - gui.tlog\link.command.1.tlog
d:\ds project\railway - gui\x64\debug\railway - gui.tlog\link.read.1.tlog
d:\ds project\railway - gui\x64\debug\railway - gui.tlog\link.read.2.tlog
d:\ds project\railway - gui\x64\debug\railway - gui.tlog\link.write.1.tlog
d:\ds project\railway - gui\x64\debug\railway - gui.tlog\metagen.read.1.tlog
d:\ds project\railway - gui\x64\debug\railway - gui.tlog\railway - gui.write.1u.tlog
d:\ds project\railway - gui\x64\debug\railway - gui.tlog\componentfactory.krypton.docking.dll.metagen
d:\ds project\railway - gui\x64\debug\railway - gui.tlog\componentfactory.krypton.navigator.dll.metagen
d:\ds project\railway - gui\x64\debug\railway - gui.tlog\componentfactory.krypton.ribbon.dll.metagen
d:\ds project\railway - gui\x64\debug\railway - gui.tlog\componentfactory.krypton.toolkit.dll.metagen
d:\ds project\railway - gui\x64\debug\railway - gui.tlog\componentfactory.krypton.workspace.dll.metagen
